[17-Jul-2025 14:20:10 UTC] PHP Warning:  mysqli::__construct(): php_network_getaddresses: getaddrinfo for http failed: Name or service not known in /home/pwgrupo8/public_html/bdd/conexion.php on line 7
[17-Jul-2025 14:20:10 UTC] PHP Fatal error:  Uncaught mysqli_sql_exception: php_network_getaddresses: getaddrinfo for http failed: Name or service not known in /home/pwgrupo8/public_html/bdd/conexion.php:7
Stack trace:
#0 /home/pwgrupo8/public_html/bdd/conexion.php(7): mysqli->__construct('http://pwgrupo8...', 'pwgrupo8_estudi...', 'Pwgrupo8-8', 'pwgrupo8_plataf...')
#1 /home/pwgrupo8/public_html/loguear.php(3): require('/home/pwgrupo8/...')
#2 /home/pwgrupo8/public_html/index.php(2): require('/home/pwgrupo8/...')
#3 {main}
  thrown in /home/pwgrupo8/public_html/bdd/conexion.php on line 7
[17-Jul-2025 14:20:12 UTC] PHP Warning:  mysqli::__construct(): php_network_getaddresses: getaddrinfo for http failed: Name or service not known in /home/pwgrupo8/public_html/bdd/conexion.php on line 7
[17-Jul-2025 14:20:12 UTC] PHP Fatal error:  Uncaught mysqli_sql_exception: php_network_getaddresses: getaddrinfo for http failed: Name or service not known in /home/pwgrupo8/public_html/bdd/conexion.php:7
Stack trace:
#0 /home/pwgrupo8/public_html/bdd/conexion.php(7): mysqli->__construct('http://pwgrupo8...', 'pwgrupo8_estudi...', 'Pwgrupo8-8', 'pwgrupo8_plataf...')
#1 /home/pwgrupo8/public_html/loguear.php(3): require('/home/pwgrupo8/...')
#2 /home/pwgrupo8/public_html/index.php(2): require('/home/pwgrupo8/...')
#3 {main}
  thrown in /home/pwgrupo8/public_html/bdd/conexion.php on line 7
[17-Jul-2025 14:20:14 UTC] PHP Warning:  mysqli::__construct(): php_network_getaddresses: getaddrinfo for http failed: Name or service not known in /home/pwgrupo8/public_html/bdd/conexion.php on line 7
[17-Jul-2025 14:20:14 UTC] PHP Fatal error:  Uncaught mysqli_sql_exception: php_network_getaddresses: getaddrinfo for http failed: Name or service not known in /home/pwgrupo8/public_html/bdd/conexion.php:7
Stack trace:
#0 /home/pwgrupo8/public_html/bdd/conexion.php(7): mysqli->__construct('http://pwgrupo8...', 'pwgrupo8_estudi...', 'Pwgrupo8-8', 'pwgrupo8_plataf...')
#1 /home/pwgrupo8/public_html/loguear.php(3): require('/home/pwgrupo8/...')
#2 /home/pwgrupo8/public_html/index.php(2): require('/home/pwgrupo8/...')
#3 {main}
  thrown in /home/pwgrupo8/public_html/bdd/conexion.php on line 7
[17-Jul-2025 14:22:32 UTC] PHP Warning:  mysqli::__construct(): php_network_getaddresses: getaddrinfo for http failed: Name or service not known in /home/pwgrupo8/public_html/bdd/conexion.php on line 7
[17-Jul-2025 14:22:32 UTC] PHP Fatal error:  Uncaught mysqli_sql_exception: php_network_getaddresses: getaddrinfo for http failed: Name or service not known in /home/pwgrupo8/public_html/bdd/conexion.php:7
Stack trace:
#0 /home/pwgrupo8/public_html/bdd/conexion.php(7): mysqli->__construct('http://pwgrupo8...', 'pwgrupo8_estudi...', 'Pwgrupo8-8', 'pwgrupo8_plataf...')
#1 /home/pwgrupo8/public_html/loguear.php(3): require('/home/pwgrupo8/...')
#2 /home/pwgrupo8/public_html/index.php(2): require('/home/pwgrupo8/...')
#3 {main}
  thrown in /home/pwgrupo8/public_html/bdd/conexion.php on line 7
[17-Jul-2025 14:22:33 UTC] PHP Warning:  mysqli::__construct(): php_network_getaddresses: getaddrinfo for http failed: Name or service not known in /home/pwgrupo8/public_html/bdd/conexion.php on line 7
[17-Jul-2025 14:22:33 UTC] PHP Fatal error:  Uncaught mysqli_sql_exception: php_network_getaddresses: getaddrinfo for http failed: Name or service not known in /home/pwgrupo8/public_html/bdd/conexion.php:7
Stack trace:
#0 /home/pwgrupo8/public_html/bdd/conexion.php(7): mysqli->__construct('http://pwgrupo8...', 'pwgrupo8_estudi...', 'Pwgrupo8-8', 'pwgrupo8_plataf...')
#1 /home/pwgrupo8/public_html/loguear.php(3): require('/home/pwgrupo8/...')
#2 /home/pwgrupo8/public_html/index.php(2): require('/home/pwgrupo8/...')
#3 {main}
  thrown in /home/pwgrupo8/public_html/bdd/conexion.php on line 7
[17-Jul-2025 14:22:33 UTC] PHP Warning:  mysqli::__construct(): php_network_getaddresses: getaddrinfo for http failed: Name or service not known in /home/pwgrupo8/public_html/bdd/conexion.php on line 7
[17-Jul-2025 14:22:33 UTC] PHP Fatal error:  Uncaught mysqli_sql_exception: php_network_getaddresses: getaddrinfo for http failed: Name or service not known in /home/pwgrupo8/public_html/bdd/conexion.php:7
Stack trace:
#0 /home/pwgrupo8/public_html/bdd/conexion.php(7): mysqli->__construct('http://pwgrupo8...', 'pwgrupo8_estudi...', 'Pwgrupo8-8', 'pwgrupo8_plataf...')
#1 /home/pwgrupo8/public_html/loguear.php(3): require('/home/pwgrupo8/...')
#2 /home/pwgrupo8/public_html/index.php(2): require('/home/pwgrupo8/...')
#3 {main}
  thrown in /home/pwgrupo8/public_html/bdd/conexion.php on line 7
[17-Jul-2025 14:22:35 UTC] PHP Warning:  mysqli::__construct(): php_network_getaddresses: getaddrinfo for http failed: Name or service not known in /home/pwgrupo8/public_html/bdd/conexion.php on line 7
[17-Jul-2025 14:22:35 UTC] PHP Fatal error:  Uncaught mysqli_sql_exception: php_network_getaddresses: getaddrinfo for http failed: Name or service not known in /home/pwgrupo8/public_html/bdd/conexion.php:7
Stack trace:
#0 /home/pwgrupo8/public_html/bdd/conexion.php(7): mysqli->__construct('http://pwgrupo8...', 'pwgrupo8_estudi...', 'Pwgrupo8-8', 'pwgrupo8_plataf...')
#1 /home/pwgrupo8/public_html/loguear.php(3): require('/home/pwgrupo8/...')
#2 /home/pwgrupo8/public_html/index.php(2): require('/home/pwgrupo8/...')
#3 {main}
  thrown in /home/pwgrupo8/public_html/bdd/conexion.php on line 7
[17-Jul-2025 14:22:36 UTC] PHP Warning:  mysqli::__construct(): php_network_getaddresses: getaddrinfo for http failed: Name or service not known in /home/pwgrupo8/public_html/bdd/conexion.php on line 7
[17-Jul-2025 14:22:36 UTC] PHP Fatal error:  Uncaught mysqli_sql_exception: php_network_getaddresses: getaddrinfo for http failed: Name or service not known in /home/pwgrupo8/public_html/bdd/conexion.php:7
Stack trace:
#0 /home/pwgrupo8/public_html/bdd/conexion.php(7): mysqli->__construct('http://pwgrupo8...', 'pwgrupo8_estudi...', 'Pwgrupo8-8', 'pwgrupo8_plataf...')
#1 /home/pwgrupo8/public_html/loguear.php(3): require('/home/pwgrupo8/...')
#2 /home/pwgrupo8/public_html/index.php(2): require('/home/pwgrupo8/...')
#3 {main}
  thrown in /home/pwgrupo8/public_html/bdd/conexion.php on line 7
[17-Jul-2025 14:22:36 UTC] PHP Warning:  mysqli::__construct(): php_network_getaddresses: getaddrinfo for http failed: Name or service not known in /home/pwgrupo8/public_html/bdd/conexion.php on line 7
[17-Jul-2025 14:22:36 UTC] PHP Fatal error:  Uncaught mysqli_sql_exception: php_network_getaddresses: getaddrinfo for http failed: Name or service not known in /home/pwgrupo8/public_html/bdd/conexion.php:7
Stack trace:
#0 /home/pwgrupo8/public_html/bdd/conexion.php(7): mysqli->__construct('http://pwgrupo8...', 'pwgrupo8_estudi...', 'Pwgrupo8-8', 'pwgrupo8_plataf...')
#1 /home/pwgrupo8/public_html/loguear.php(3): require('/home/pwgrupo8/...')
#2 /home/pwgrupo8/public_html/index.php(2): require('/home/pwgrupo8/...')
#3 {main}
  thrown in /home/pwgrupo8/public_html/bdd/conexion.php on line 7
[17-Jul-2025 14:22:36 UTC] PHP Warning:  mysqli::__construct(): php_network_getaddresses: getaddrinfo for http failed: Name or service not known in /home/pwgrupo8/public_html/bdd/conexion.php on line 7
[17-Jul-2025 14:22:36 UTC] PHP Fatal error:  Uncaught mysqli_sql_exception: php_network_getaddresses: getaddrinfo for http failed: Name or service not known in /home/pwgrupo8/public_html/bdd/conexion.php:7
Stack trace:
#0 /home/pwgrupo8/public_html/bdd/conexion.php(7): mysqli->__construct('http://pwgrupo8...', 'pwgrupo8_estudi...', 'Pwgrupo8-8', 'pwgrupo8_plataf...')
#1 /home/pwgrupo8/public_html/loguear.php(3): require('/home/pwgrupo8/...')
#2 /home/pwgrupo8/public_html/index.php(2): require('/home/pwgrupo8/...')
#3 {main}
  thrown in /home/pwgrupo8/public_html/bdd/conexion.php on line 7
[17-Jul-2025 14:22:36 UTC] PHP Warning:  mysqli::__construct(): php_network_getaddresses: getaddrinfo for http failed: Name or service not known in /home/pwgrupo8/public_html/bdd/conexion.php on line 7
[17-Jul-2025 14:22:36 UTC] PHP Fatal error:  Uncaught mysqli_sql_exception: php_network_getaddresses: getaddrinfo for http failed: Name or service not known in /home/pwgrupo8/public_html/bdd/conexion.php:7
Stack trace:
#0 /home/pwgrupo8/public_html/bdd/conexion.php(7): mysqli->__construct('http://pwgrupo8...', 'pwgrupo8_estudi...', 'Pwgrupo8-8', 'pwgrupo8_plataf...')
#1 /home/pwgrupo8/public_html/loguear.php(3): require('/home/pwgrupo8/...')
#2 /home/pwgrupo8/public_html/index.php(2): require('/home/pwgrupo8/...')
#3 {main}
  thrown in /home/pwgrupo8/public_html/bdd/conexion.php on line 7
[17-Jul-2025 14:22:37 UTC] PHP Warning:  mysqli::__construct(): php_network_getaddresses: getaddrinfo for http failed: Name or service not known in /home/pwgrupo8/public_html/bdd/conexion.php on line 7
[17-Jul-2025 14:22:37 UTC] PHP Fatal error:  Uncaught mysqli_sql_exception: php_network_getaddresses: getaddrinfo for http failed: Name or service not known in /home/pwgrupo8/public_html/bdd/conexion.php:7
Stack trace:
#0 /home/pwgrupo8/public_html/bdd/conexion.php(7): mysqli->__construct('http://pwgrupo8...', 'pwgrupo8_estudi...', 'Pwgrupo8-8', 'pwgrupo8_plataf...')
#1 /home/pwgrupo8/public_html/loguear.php(3): require('/home/pwgrupo8/...')
#2 /home/pwgrupo8/public_html/index.php(2): require('/home/pwgrupo8/...')
#3 {main}
  thrown in /home/pwgrupo8/public_html/bdd/conexion.php on line 7
[17-Jul-2025 14:22:37 UTC] PHP Warning:  mysqli::__construct(): php_network_getaddresses: getaddrinfo for http failed: Name or service not known in /home/pwgrupo8/public_html/bdd/conexion.php on line 7
[17-Jul-2025 14:22:37 UTC] PHP Fatal error:  Uncaught mysqli_sql_exception: php_network_getaddresses: getaddrinfo for http failed: Name or service not known in /home/pwgrupo8/public_html/bdd/conexion.php:7
Stack trace:
#0 /home/pwgrupo8/public_html/bdd/conexion.php(7): mysqli->__construct('http://pwgrupo8...', 'pwgrupo8_estudi...', 'Pwgrupo8-8', 'pwgrupo8_plataf...')
#1 /home/pwgrupo8/public_html/loguear.php(3): require('/home/pwgrupo8/...')
#2 /home/pwgrupo8/public_html/index.php(2): require('/home/pwgrupo8/...')
#3 {main}
  thrown in /home/pwgrupo8/public_html/bdd/conexion.php on line 7
[17-Jul-2025 14:22:37 UTC] PHP Warning:  mysqli::__construct(): php_network_getaddresses: getaddrinfo for http failed: Name or service not known in /home/pwgrupo8/public_html/bdd/conexion.php on line 7
[17-Jul-2025 14:22:37 UTC] PHP Fatal error:  Uncaught mysqli_sql_exception: php_network_getaddresses: getaddrinfo for http failed: Name or service not known in /home/pwgrupo8/public_html/bdd/conexion.php:7
Stack trace:
#0 /home/pwgrupo8/public_html/bdd/conexion.php(7): mysqli->__construct('http://pwgrupo8...', 'pwgrupo8_estudi...', 'Pwgrupo8-8', 'pwgrupo8_plataf...')
#1 /home/pwgrupo8/public_html/loguear.php(3): require('/home/pwgrupo8/...')
#2 /home/pwgrupo8/public_html/index.php(2): require('/home/pwgrupo8/...')
#3 {main}
  thrown in /home/pwgrupo8/public_html/bdd/conexion.php on line 7
[17-Jul-2025 14:22:38 UTC] PHP Warning:  mysqli::__construct(): php_network_getaddresses: getaddrinfo for http failed: Name or service not known in /home/pwgrupo8/public_html/bdd/conexion.php on line 7
[17-Jul-2025 14:22:38 UTC] PHP Fatal error:  Uncaught mysqli_sql_exception: php_network_getaddresses: getaddrinfo for http failed: Name or service not known in /home/pwgrupo8/public_html/bdd/conexion.php:7
Stack trace:
#0 /home/pwgrupo8/public_html/bdd/conexion.php(7): mysqli->__construct('http://pwgrupo8...', 'pwgrupo8_estudi...', 'Pwgrupo8-8', 'pwgrupo8_plataf...')
#1 /home/pwgrupo8/public_html/loguear.php(3): require('/home/pwgrupo8/...')
#2 /home/pwgrupo8/public_html/index.php(2): require('/home/pwgrupo8/...')
#3 {main}
  thrown in /home/pwgrupo8/public_html/bdd/conexion.php on line 7
[17-Jul-2025 14:22:38 UTC] PHP Warning:  mysqli::__construct(): php_network_getaddresses: getaddrinfo for http failed: Name or service not known in /home/pwgrupo8/public_html/bdd/conexion.php on line 7
[17-Jul-2025 14:22:38 UTC] PHP Fatal error:  Uncaught mysqli_sql_exception: php_network_getaddresses: getaddrinfo for http failed: Name or service not known in /home/pwgrupo8/public_html/bdd/conexion.php:7
Stack trace:
#0 /home/pwgrupo8/public_html/bdd/conexion.php(7): mysqli->__construct('http://pwgrupo8...', 'pwgrupo8_estudi...', 'Pwgrupo8-8', 'pwgrupo8_plataf...')
#1 /home/pwgrupo8/public_html/loguear.php(3): require('/home/pwgrupo8/...')
#2 /home/pwgrupo8/public_html/index.php(2): require('/home/pwgrupo8/...')
#3 {main}
  thrown in /home/pwgrupo8/public_html/bdd/conexion.php on line 7
[17-Jul-2025 14:22:38 UTC] PHP Warning:  mysqli::__construct(): php_network_getaddresses: getaddrinfo for http failed: Name or service not known in /home/pwgrupo8/public_html/bdd/conexion.php on line 7
[17-Jul-2025 14:22:38 UTC] PHP Fatal error:  Uncaught mysqli_sql_exception: php_network_getaddresses: getaddrinfo for http failed: Name or service not known in /home/pwgrupo8/public_html/bdd/conexion.php:7
Stack trace:
#0 /home/pwgrupo8/public_html/bdd/conexion.php(7): mysqli->__construct('http://pwgrupo8...', 'pwgrupo8_estudi...', 'Pwgrupo8-8', 'pwgrupo8_plataf...')
#1 /home/pwgrupo8/public_html/loguear.php(3): require('/home/pwgrupo8/...')
#2 /home/pwgrupo8/public_html/index.php(2): require('/home/pwgrupo8/...')
#3 {main}
  thrown in /home/pwgrupo8/public_html/bdd/conexion.php on line 7
[17-Jul-2025 14:22:39 UTC] PHP Warning:  mysqli::__construct(): php_network_getaddresses: getaddrinfo for http failed: Name or service not known in /home/pwgrupo8/public_html/bdd/conexion.php on line 7
[17-Jul-2025 14:22:39 UTC] PHP Fatal error:  Uncaught mysqli_sql_exception: php_network_getaddresses: getaddrinfo for http failed: Name or service not known in /home/pwgrupo8/public_html/bdd/conexion.php:7
Stack trace:
#0 /home/pwgrupo8/public_html/bdd/conexion.php(7): mysqli->__construct('http://pwgrupo8...', 'pwgrupo8_estudi...', 'Pwgrupo8-8', 'pwgrupo8_plataf...')
#1 /home/pwgrupo8/public_html/loguear.php(3): require('/home/pwgrupo8/...')
#2 /home/pwgrupo8/public_html/index.php(2): require('/home/pwgrupo8/...')
#3 {main}
  thrown in /home/pwgrupo8/public_html/bdd/conexion.php on line 7
[17-Jul-2025 14:22:40 UTC] PHP Warning:  mysqli::__construct(): php_network_getaddresses: getaddrinfo for http failed: Name or service not known in /home/pwgrupo8/public_html/bdd/conexion.php on line 7
[17-Jul-2025 14:22:40 UTC] PHP Fatal error:  Uncaught mysqli_sql_exception: php_network_getaddresses: getaddrinfo for http failed: Name or service not known in /home/pwgrupo8/public_html/bdd/conexion.php:7
Stack trace:
#0 /home/pwgrupo8/public_html/bdd/conexion.php(7): mysqli->__construct('http://pwgrupo8...', 'pwgrupo8_estudi...', 'Pwgrupo8-8', 'pwgrupo8_plataf...')
#1 /home/pwgrupo8/public_html/loguear.php(3): require('/home/pwgrupo8/...')
#2 /home/pwgrupo8/public_html/index.php(2): require('/home/pwgrupo8/...')
#3 {main}
  thrown in /home/pwgrupo8/public_html/bdd/conexion.php on line 7
[17-Jul-2025 14:22:40 UTC] PHP Warning:  mysqli::__construct(): php_network_getaddresses: getaddrinfo for http failed: Name or service not known in /home/pwgrupo8/public_html/bdd/conexion.php on line 7
[17-Jul-2025 14:22:40 UTC] PHP Fatal error:  Uncaught mysqli_sql_exception: php_network_getaddresses: getaddrinfo for http failed: Name or service not known in /home/pwgrupo8/public_html/bdd/conexion.php:7
Stack trace:
#0 /home/pwgrupo8/public_html/bdd/conexion.php(7): mysqli->__construct('http://pwgrupo8...', 'pwgrupo8_estudi...', 'Pwgrupo8-8', 'pwgrupo8_plataf...')
#1 /home/pwgrupo8/public_html/loguear.php(3): require('/home/pwgrupo8/...')
#2 /home/pwgrupo8/public_html/index.php(2): require('/home/pwgrupo8/...')
#3 {main}
  thrown in /home/pwgrupo8/public_html/bdd/conexion.php on line 7
[17-Jul-2025 14:22:40 UTC] PHP Warning:  mysqli::__construct(): php_network_getaddresses: getaddrinfo for http failed: Name or service not known in /home/pwgrupo8/public_html/bdd/conexion.php on line 7
[17-Jul-2025 14:22:40 UTC] PHP Fatal error:  Uncaught mysqli_sql_exception: php_network_getaddresses: getaddrinfo for http failed: Name or service not known in /home/pwgrupo8/public_html/bdd/conexion.php:7
Stack trace:
#0 /home/pwgrupo8/public_html/bdd/conexion.php(7): mysqli->__construct('http://pwgrupo8...', 'pwgrupo8_estudi...', 'Pwgrupo8-8', 'pwgrupo8_plataf...')
#1 /home/pwgrupo8/public_html/loguear.php(3): require('/home/pwgrupo8/...')
#2 /home/pwgrupo8/public_html/index.php(2): require('/home/pwgrupo8/...')
#3 {main}
  thrown in /home/pwgrupo8/public_html/bdd/conexion.php on line 7
[17-Jul-2025 14:22:41 UTC] PHP Warning:  mysqli::__construct(): php_network_getaddresses: getaddrinfo for http failed: Name or service not known in /home/pwgrupo8/public_html/bdd/conexion.php on line 7
[17-Jul-2025 14:22:41 UTC] PHP Fatal error:  Uncaught mysqli_sql_exception: php_network_getaddresses: getaddrinfo for http failed: Name or service not known in /home/pwgrupo8/public_html/bdd/conexion.php:7
Stack trace:
#0 /home/pwgrupo8/public_html/bdd/conexion.php(7): mysqli->__construct('http://pwgrupo8...', 'pwgrupo8_estudi...', 'Pwgrupo8-8', 'pwgrupo8_plataf...')
#1 /home/pwgrupo8/public_html/loguear.php(3): require('/home/pwgrupo8/...')
#2 /home/pwgrupo8/public_html/index.php(2): require('/home/pwgrupo8/...')
#3 {main}
  thrown in /home/pwgrupo8/public_html/bdd/conexion.php on line 7
[17-Jul-2025 14:22:41 UTC] PHP Warning:  mysqli::__construct(): php_network_getaddresses: getaddrinfo for http failed: Name or service not known in /home/pwgrupo8/public_html/bdd/conexion.php on line 7
[17-Jul-2025 14:22:41 UTC] PHP Fatal error:  Uncaught mysqli_sql_exception: php_network_getaddresses: getaddrinfo for http failed: Name or service not known in /home/pwgrupo8/public_html/bdd/conexion.php:7
Stack trace:
#0 /home/pwgrupo8/public_html/bdd/conexion.php(7): mysqli->__construct('http://pwgrupo8...', 'pwgrupo8_estudi...', 'Pwgrupo8-8', 'pwgrupo8_plataf...')
#1 /home/pwgrupo8/public_html/loguear.php(3): require('/home/pwgrupo8/...')
#2 /home/pwgrupo8/public_html/index.php(2): require('/home/pwgrupo8/...')
#3 {main}
  thrown in /home/pwgrupo8/public_html/bdd/conexion.php on line 7
[17-Jul-2025 14:22:41 UTC] PHP Warning:  mysqli::__construct(): php_network_getaddresses: getaddrinfo for http failed: Name or service not known in /home/pwgrupo8/public_html/bdd/conexion.php on line 7
[17-Jul-2025 14:22:41 UTC] PHP Fatal error:  Uncaught mysqli_sql_exception: php_network_getaddresses: getaddrinfo for http failed: Name or service not known in /home/pwgrupo8/public_html/bdd/conexion.php:7
Stack trace:
#0 /home/pwgrupo8/public_html/bdd/conexion.php(7): mysqli->__construct('http://pwgrupo8...', 'pwgrupo8_estudi...', 'Pwgrupo8-8', 'pwgrupo8_plataf...')
#1 /home/pwgrupo8/public_html/loguear.php(3): require('/home/pwgrupo8/...')
#2 /home/pwgrupo8/public_html/index.php(2): require('/home/pwgrupo8/...')
#3 {main}
  thrown in /home/pwgrupo8/public_html/bdd/conexion.php on line 7
[17-Jul-2025 14:22:41 UTC] PHP Warning:  mysqli::__construct(): php_network_getaddresses: getaddrinfo for http failed: Name or service not known in /home/pwgrupo8/public_html/bdd/conexion.php on line 7
[17-Jul-2025 14:22:41 UTC] PHP Fatal error:  Uncaught mysqli_sql_exception: php_network_getaddresses: getaddrinfo for http failed: Name or service not known in /home/pwgrupo8/public_html/bdd/conexion.php:7
Stack trace:
#0 /home/pwgrupo8/public_html/bdd/conexion.php(7): mysqli->__construct('http://pwgrupo8...', 'pwgrupo8_estudi...', 'Pwgrupo8-8', 'pwgrupo8_plataf...')
#1 /home/pwgrupo8/public_html/loguear.php(3): require('/home/pwgrupo8/...')
#2 /home/pwgrupo8/public_html/index.php(2): require('/home/pwgrupo8/...')
#3 {main}
  thrown in /home/pwgrupo8/public_html/bdd/conexion.php on line 7
[17-Jul-2025 14:22:44 UTC] PHP Warning:  mysqli::__construct(): php_network_getaddresses: getaddrinfo for http failed: Name or service not known in /home/pwgrupo8/public_html/bdd/conexion.php on line 7
[17-Jul-2025 14:22:44 UTC] PHP Fatal error:  Uncaught mysqli_sql_exception: php_network_getaddresses: getaddrinfo for http failed: Name or service not known in /home/pwgrupo8/public_html/bdd/conexion.php:7
Stack trace:
#0 /home/pwgrupo8/public_html/bdd/conexion.php(7): mysqli->__construct('http://pwgrupo8...', 'pwgrupo8_estudi...', 'Pwgrupo8-8', 'pwgrupo8_plataf...')
#1 /home/pwgrupo8/public_html/loguear.php(3): require('/home/pwgrupo8/...')
#2 /home/pwgrupo8/public_html/index.php(2): require('/home/pwgrupo8/...')
#3 {main}
  thrown in /home/pwgrupo8/public_html/bdd/conexion.php on line 7
[17-Jul-2025 14:22:56 UTC] PHP Warning:  mysqli::__construct(): php_network_getaddresses: getaddrinfo for http failed: Name or service not known in /home/pwgrupo8/public_html/bdd/conexion.php on line 7
[17-Jul-2025 14:22:56 UTC] PHP Fatal error:  Uncaught mysqli_sql_exception: php_network_getaddresses: getaddrinfo for http failed: Name or service not known in /home/pwgrupo8/public_html/bdd/conexion.php:7
Stack trace:
#0 /home/pwgrupo8/public_html/bdd/conexion.php(7): mysqli->__construct('http://pwgrupo8...', 'pwgrupo8_estudi...', 'Pwgrupo8-8', 'pwgrupo8_plataf...')
#1 /home/pwgrupo8/public_html/loguear.php(3): require('/home/pwgrupo8/...')
#2 /home/pwgrupo8/public_html/index.php(2): require('/home/pwgrupo8/...')
#3 {main}
  thrown in /home/pwgrupo8/public_html/bdd/conexion.php on line 7
[17-Jul-2025 14:23:01 UTC] PHP Warning:  mysqli::__construct(): php_network_getaddresses: getaddrinfo for http failed: Name or service not known in /home/pwgrupo8/public_html/bdd/conexion.php on line 7
[17-Jul-2025 14:23:01 UTC] PHP Fatal error:  Uncaught mysqli_sql_exception: php_network_getaddresses: getaddrinfo for http failed: Name or service not known in /home/pwgrupo8/public_html/bdd/conexion.php:7
Stack trace:
#0 /home/pwgrupo8/public_html/bdd/conexion.php(7): mysqli->__construct('http://pwgrupo8...', 'pwgrupo8_estudi...', 'Pwgrupo8-8', 'pwgrupo8_plataf...')
#1 /home/pwgrupo8/public_html/loguear.php(3): require('/home/pwgrupo8/...')
#2 /home/pwgrupo8/public_html/index.php(2): require('/home/pwgrupo8/...')
#3 {main}
  thrown in /home/pwgrupo8/public_html/bdd/conexion.php on line 7
[17-Jul-2025 14:23:02 UTC] PHP Warning:  mysqli::__construct(): php_network_getaddresses: getaddrinfo for http failed: Name or service not known in /home/pwgrupo8/public_html/bdd/conexion.php on line 7
[17-Jul-2025 14:23:02 UTC] PHP Fatal error:  Uncaught mysqli_sql_exception: php_network_getaddresses: getaddrinfo for http failed: Name or service not known in /home/pwgrupo8/public_html/bdd/conexion.php:7
Stack trace:
#0 /home/pwgrupo8/public_html/bdd/conexion.php(7): mysqli->__construct('http://pwgrupo8...', 'pwgrupo8_estudi...', 'Pwgrupo8-8', 'pwgrupo8_plataf...')
#1 /home/pwgrupo8/public_html/loguear.php(3): require('/home/pwgrupo8/...')
#2 /home/pwgrupo8/public_html/index.php(2): require('/home/pwgrupo8/...')
#3 {main}
  thrown in /home/pwgrupo8/public_html/bdd/conexion.php on line 7
[17-Jul-2025 14:23:02 UTC] PHP Warning:  mysqli::__construct(): php_network_getaddresses: getaddrinfo for http failed: Name or service not known in /home/pwgrupo8/public_html/bdd/conexion.php on line 7
[17-Jul-2025 14:23:02 UTC] PHP Fatal error:  Uncaught mysqli_sql_exception: php_network_getaddresses: getaddrinfo for http failed: Name or service not known in /home/pwgrupo8/public_html/bdd/conexion.php:7
Stack trace:
#0 /home/pwgrupo8/public_html/bdd/conexion.php(7): mysqli->__construct('http://pwgrupo8...', 'pwgrupo8_estudi...', 'Pwgrupo8-8', 'pwgrupo8_plataf...')
#1 /home/pwgrupo8/public_html/loguear.php(3): require('/home/pwgrupo8/...')
#2 /home/pwgrupo8/public_html/index.php(2): require('/home/pwgrupo8/...')
#3 {main}
  thrown in /home/pwgrupo8/public_html/bdd/conexion.php on line 7
[17-Jul-2025 14:23:02 UTC] PHP Warning:  mysqli::__construct(): php_network_getaddresses: getaddrinfo for http failed: Name or service not known in /home/pwgrupo8/public_html/bdd/conexion.php on line 7
[17-Jul-2025 14:23:02 UTC] PHP Fatal error:  Uncaught mysqli_sql_exception: php_network_getaddresses: getaddrinfo for http failed: Name or service not known in /home/pwgrupo8/public_html/bdd/conexion.php:7
Stack trace:
#0 /home/pwgrupo8/public_html/bdd/conexion.php(7): mysqli->__construct('http://pwgrupo8...', 'pwgrupo8_estudi...', 'Pwgrupo8-8', 'pwgrupo8_plataf...')
#1 /home/pwgrupo8/public_html/loguear.php(3): require('/home/pwgrupo8/...')
#2 /home/pwgrupo8/public_html/index.php(2): require('/home/pwgrupo8/...')
#3 {main}
  thrown in /home/pwgrupo8/public_html/bdd/conexion.php on line 7
[17-Jul-2025 14:23:02 UTC] PHP Warning:  mysqli::__construct(): php_network_getaddresses: getaddrinfo for http failed: Name or service not known in /home/pwgrupo8/public_html/bdd/conexion.php on line 7
[17-Jul-2025 14:23:02 UTC] PHP Fatal error:  Uncaught mysqli_sql_exception: php_network_getaddresses: getaddrinfo for http failed: Name or service not known in /home/pwgrupo8/public_html/bdd/conexion.php:7
Stack trace:
#0 /home/pwgrupo8/public_html/bdd/conexion.php(7): mysqli->__construct('http://pwgrupo8...', 'pwgrupo8_estudi...', 'Pwgrupo8-8', 'pwgrupo8_plataf...')
#1 /home/pwgrupo8/public_html/loguear.php(3): require('/home/pwgrupo8/...')
#2 /home/pwgrupo8/public_html/index.php(2): require('/home/pwgrupo8/...')
#3 {main}
  thrown in /home/pwgrupo8/public_html/bdd/conexion.php on line 7
[17-Jul-2025 14:23:38 UTC] PHP Warning:  mysqli::__construct(): php_network_getaddresses: getaddrinfo for http failed: Name or service not known in /home/pwgrupo8/public_html/bdd/conexion.php on line 7
[17-Jul-2025 14:23:38 UTC] PHP Fatal error:  Uncaught mysqli_sql_exception: php_network_getaddresses: getaddrinfo for http failed: Name or service not known in /home/pwgrupo8/public_html/bdd/conexion.php:7
Stack trace:
#0 /home/pwgrupo8/public_html/bdd/conexion.php(7): mysqli->__construct('http://pwgrupo8...', 'pwgrupo8_estudi...', 'Pwgrupo8-8', 'pwgrupo8_plataf...')
#1 /home/pwgrupo8/public_html/loguear.php(3): require('/home/pwgrupo8/...')
#2 /home/pwgrupo8/public_html/index.php(2): require('/home/pwgrupo8/...')
#3 {main}
  thrown in /home/pwgrupo8/public_html/bdd/conexion.php on line 7
[17-Jul-2025 14:23:38 UTC] PHP Warning:  mysqli::__construct(): php_network_getaddresses: getaddrinfo for http failed: Name or service not known in /home/pwgrupo8/public_html/bdd/conexion.php on line 7
[17-Jul-2025 14:23:38 UTC] PHP Fatal error:  Uncaught mysqli_sql_exception: php_network_getaddresses: getaddrinfo for http failed: Name or service not known in /home/pwgrupo8/public_html/bdd/conexion.php:7
Stack trace:
#0 /home/pwgrupo8/public_html/bdd/conexion.php(7): mysqli->__construct('http://pwgrupo8...', 'pwgrupo8_estudi...', 'Pwgrupo8-8', 'pwgrupo8_plataf...')
#1 /home/pwgrupo8/public_html/loguear.php(3): require('/home/pwgrupo8/...')
#2 /home/pwgrupo8/public_html/index.php(2): require('/home/pwgrupo8/...')
#3 {main}
  thrown in /home/pwgrupo8/public_html/bdd/conexion.php on line 7
[17-Jul-2025 14:24:37 UTC] PHP Warning:  mysqli::__construct(): php_network_getaddresses: getaddrinfo for http failed: Name or service not known in /home/pwgrupo8/public_html/bdd/conexion.php on line 7
[17-Jul-2025 14:24:37 UTC] PHP Fatal error:  Uncaught mysqli_sql_exception: php_network_getaddresses: getaddrinfo for http failed: Name or service not known in /home/pwgrupo8/public_html/bdd/conexion.php:7
Stack trace:
#0 /home/pwgrupo8/public_html/bdd/conexion.php(7): mysqli->__construct('http://pwgrupo8...', 'pwgrupo8_estudi...', 'Pwgrupo8-8', 'pwgrupo8_plataf...')
#1 /home/pwgrupo8/public_html/loguear.php(3): require('/home/pwgrupo8/...')
#2 /home/pwgrupo8/public_html/index.php(2): require('/home/pwgrupo8/...')
#3 {main}
  thrown in /home/pwgrupo8/public_html/bdd/conexion.php on line 7
[17-Jul-2025 14:24:38 UTC] PHP Warning:  mysqli::__construct(): php_network_getaddresses: getaddrinfo for http failed: Name or service not known in /home/pwgrupo8/public_html/bdd/conexion.php on line 7
[17-Jul-2025 14:24:38 UTC] PHP Fatal error:  Uncaught mysqli_sql_exception: php_network_getaddresses: getaddrinfo for http failed: Name or service not known in /home/pwgrupo8/public_html/bdd/conexion.php:7
Stack trace:
#0 /home/pwgrupo8/public_html/bdd/conexion.php(7): mysqli->__construct('http://pwgrupo8...', 'pwgrupo8_estudi...', 'Pwgrupo8-8', 'pwgrupo8_plataf...')
#1 /home/pwgrupo8/public_html/loguear.php(3): require('/home/pwgrupo8/...')
#2 /home/pwgrupo8/public_html/index.php(2): require('/home/pwgrupo8/...')
#3 {main}
  thrown in /home/pwgrupo8/public_html/bdd/conexion.php on line 7
[17-Jul-2025 14:24:38 UTC] PHP Warning:  mysqli::__construct(): php_network_getaddresses: getaddrinfo for http failed: Name or service not known in /home/pwgrupo8/public_html/bdd/conexion.php on line 7
[17-Jul-2025 14:24:38 UTC] PHP Fatal error:  Uncaught mysqli_sql_exception: php_network_getaddresses: getaddrinfo for http failed: Name or service not known in /home/pwgrupo8/public_html/bdd/conexion.php:7
Stack trace:
#0 /home/pwgrupo8/public_html/bdd/conexion.php(7): mysqli->__construct('http://pwgrupo8...', 'pwgrupo8_estudi...', 'Pwgrupo8-8', 'pwgrupo8_plataf...')
#1 /home/pwgrupo8/public_html/loguear.php(3): require('/home/pwgrupo8/...')
#2 /home/pwgrupo8/public_html/index.php(2): require('/home/pwgrupo8/...')
#3 {main}
  thrown in /home/pwgrupo8/public_html/bdd/conexion.php on line 7
[17-Jul-2025 14:24:38 UTC] PHP Warning:  mysqli::__construct(): php_network_getaddresses: getaddrinfo for http failed: Name or service not known in /home/pwgrupo8/public_html/bdd/conexion.php on line 7
[17-Jul-2025 14:24:38 UTC] PHP Fatal error:  Uncaught mysqli_sql_exception: php_network_getaddresses: getaddrinfo for http failed: Name or service not known in /home/pwgrupo8/public_html/bdd/conexion.php:7
Stack trace:
#0 /home/pwgrupo8/public_html/bdd/conexion.php(7): mysqli->__construct('http://pwgrupo8...', 'pwgrupo8_estudi...', 'Pwgrupo8-8', 'pwgrupo8_plataf...')
#1 /home/pwgrupo8/public_html/loguear.php(3): require('/home/pwgrupo8/...')
#2 /home/pwgrupo8/public_html/index.php(2): require('/home/pwgrupo8/...')
#3 {main}
  thrown in /home/pwgrupo8/public_html/bdd/conexion.php on line 7
[17-Jul-2025 14:24:58 UTC] PHP Warning:  mysqli::__construct(): php_network_getaddresses: getaddrinfo for http failed: Name or service not known in /home/pwgrupo8/public_html/bdd/conexion.php on line 7
[17-Jul-2025 14:24:58 UTC] PHP Fatal error:  Uncaught mysqli_sql_exception: php_network_getaddresses: getaddrinfo for http failed: Name or service not known in /home/pwgrupo8/public_html/bdd/conexion.php:7
Stack trace:
#0 /home/pwgrupo8/public_html/bdd/conexion.php(7): mysqli->__construct('http://pwgrupo8...', 'pwgrupo8_estudi...', 'Pwgrupo8-8', 'pwgrupo8_plataf...')
#1 /home/pwgrupo8/public_html/loguear.php(3): require('/home/pwgrupo8/...')
#2 /home/pwgrupo8/public_html/index.php(2): require('/home/pwgrupo8/...')
#3 {main}
  thrown in /home/pwgrupo8/public_html/bdd/conexion.php on line 7
[17-Jul-2025 14:24:59 UTC] PHP Warning:  mysqli::__construct(): php_network_getaddresses: getaddrinfo for http failed: Name or service not known in /home/pwgrupo8/public_html/bdd/conexion.php on line 7
[17-Jul-2025 14:24:59 UTC] PHP Fatal error:  Uncaught mysqli_sql_exception: php_network_getaddresses: getaddrinfo for http failed: Name or service not known in /home/pwgrupo8/public_html/bdd/conexion.php:7
Stack trace:
#0 /home/pwgrupo8/public_html/bdd/conexion.php(7): mysqli->__construct('http://pwgrupo8...', 'pwgrupo8_estudi...', 'Pwgrupo8-8', 'pwgrupo8_plataf...')
#1 /home/pwgrupo8/public_html/loguear.php(3): require('/home/pwgrupo8/...')
#2 /home/pwgrupo8/public_html/index.php(2): require('/home/pwgrupo8/...')
#3 {main}
  thrown in /home/pwgrupo8/public_html/bdd/conexion.php on line 7
[17-Jul-2025 14:24:59 UTC] PHP Warning:  mysqli::__construct(): php_network_getaddresses: getaddrinfo for http failed: Name or service not known in /home/pwgrupo8/public_html/bdd/conexion.php on line 7
[17-Jul-2025 14:24:59 UTC] PHP Fatal error:  Uncaught mysqli_sql_exception: php_network_getaddresses: getaddrinfo for http failed: Name or service not known in /home/pwgrupo8/public_html/bdd/conexion.php:7
Stack trace:
#0 /home/pwgrupo8/public_html/bdd/conexion.php(7): mysqli->__construct('http://pwgrupo8...', 'pwgrupo8_estudi...', 'Pwgrupo8-8', 'pwgrupo8_plataf...')
#1 /home/pwgrupo8/public_html/loguear.php(3): require('/home/pwgrupo8/...')
#2 /home/pwgrupo8/public_html/index.php(2): require('/home/pwgrupo8/...')
#3 {main}
  thrown in /home/pwgrupo8/public_html/bdd/conexion.php on line 7
[17-Jul-2025 14:24:59 UTC] PHP Warning:  mysqli::__construct(): php_network_getaddresses: getaddrinfo for http failed: Name or service not known in /home/pwgrupo8/public_html/bdd/conexion.php on line 7
[17-Jul-2025 14:24:59 UTC] PHP Fatal error:  Uncaught mysqli_sql_exception: php_network_getaddresses: getaddrinfo for http failed: Name or service not known in /home/pwgrupo8/public_html/bdd/conexion.php:7
Stack trace:
#0 /home/pwgrupo8/public_html/bdd/conexion.php(7): mysqli->__construct('http://pwgrupo8...', 'pwgrupo8_estudi...', 'Pwgrupo8-8', 'pwgrupo8_plataf...')
#1 /home/pwgrupo8/public_html/loguear.php(3): require('/home/pwgrupo8/...')
#2 /home/pwgrupo8/public_html/index.php(2): require('/home/pwgrupo8/...')
#3 {main}
  thrown in /home/pwgrupo8/public_html/bdd/conexion.php on line 7
[17-Jul-2025 14:25:37 UTC] PHP Warning:  mysqli::__construct(): php_network_getaddresses: getaddrinfo for http failed: Name or service not known in /home/pwgrupo8/public_html/bdd/conexion.php on line 7
[17-Jul-2025 14:25:37 UTC] PHP Fatal error:  Uncaught mysqli_sql_exception: php_network_getaddresses: getaddrinfo for http failed: Name or service not known in /home/pwgrupo8/public_html/bdd/conexion.php:7
Stack trace:
#0 /home/pwgrupo8/public_html/bdd/conexion.php(7): mysqli->__construct('http://pwgrupo8...', 'pwgrupo8_estudi...', 'Pwgrupo8-8', 'pwgrupo8_plataf...')
#1 /home/pwgrupo8/public_html/loguear.php(3): require('/home/pwgrupo8/...')
#2 /home/pwgrupo8/public_html/index.php(2): require('/home/pwgrupo8/...')
#3 {main}
  thrown in /home/pwgrupo8/public_html/bdd/conexion.php on line 7
[17-Jul-2025 14:25:38 UTC] PHP Warning:  mysqli::__construct(): php_network_getaddresses: getaddrinfo for http failed: Name or service not known in /home/pwgrupo8/public_html/bdd/conexion.php on line 7
[17-Jul-2025 14:25:38 UTC] PHP Fatal error:  Uncaught mysqli_sql_exception: php_network_getaddresses: getaddrinfo for http failed: Name or service not known in /home/pwgrupo8/public_html/bdd/conexion.php:7
Stack trace:
#0 /home/pwgrupo8/public_html/bdd/conexion.php(7): mysqli->__construct('http://pwgrupo8...', 'pwgrupo8_estudi...', 'Pwgrupo8-8', 'pwgrupo8_plataf...')
#1 /home/pwgrupo8/public_html/loguear.php(3): require('/home/pwgrupo8/...')
#2 /home/pwgrupo8/public_html/index.php(2): require('/home/pwgrupo8/...')
#3 {main}
  thrown in /home/pwgrupo8/public_html/bdd/conexion.php on line 7
[17-Jul-2025 14:25:38 UTC] PHP Warning:  mysqli::__construct(): php_network_getaddresses: getaddrinfo for http failed: Name or service not known in /home/pwgrupo8/public_html/bdd/conexion.php on line 7
[17-Jul-2025 14:25:38 UTC] PHP Fatal error:  Uncaught mysqli_sql_exception: php_network_getaddresses: getaddrinfo for http failed: Name or service not known in /home/pwgrupo8/public_html/bdd/conexion.php:7
Stack trace:
#0 /home/pwgrupo8/public_html/bdd/conexion.php(7): mysqli->__construct('http://pwgrupo8...', 'pwgrupo8_estudi...', 'Pwgrupo8-8', 'pwgrupo8_plataf...')
#1 /home/pwgrupo8/public_html/loguear.php(3): require('/home/pwgrupo8/...')
#2 /home/pwgrupo8/public_html/index.php(2): require('/home/pwgrupo8/...')
#3 {main}
  thrown in /home/pwgrupo8/public_html/bdd/conexion.php on line 7
[17-Jul-2025 14:25:38 UTC] PHP Warning:  mysqli::__construct(): php_network_getaddresses: getaddrinfo for http failed: Name or service not known in /home/pwgrupo8/public_html/bdd/conexion.php on line 7
[17-Jul-2025 14:25:38 UTC] PHP Fatal error:  Uncaught mysqli_sql_exception: php_network_getaddresses: getaddrinfo for http failed: Name or service not known in /home/pwgrupo8/public_html/bdd/conexion.php:7
Stack trace:
#0 /home/pwgrupo8/public_html/bdd/conexion.php(7): mysqli->__construct('http://pwgrupo8...', 'pwgrupo8_estudi...', 'Pwgrupo8-8', 'pwgrupo8_plataf...')
#1 /home/pwgrupo8/public_html/loguear.php(3): require('/home/pwgrupo8/...')
#2 /home/pwgrupo8/public_html/index.php(2): require('/home/pwgrupo8/...')
#3 {main}
  thrown in /home/pwgrupo8/public_html/bdd/conexion.php on line 7
[17-Jul-2025 14:25:39 UTC] PHP Warning:  mysqli::__construct(): php_network_getaddresses: getaddrinfo for http failed: Name or service not known in /home/pwgrupo8/public_html/bdd/conexion.php on line 7
[17-Jul-2025 14:25:39 UTC] PHP Fatal error:  Uncaught mysqli_sql_exception: php_network_getaddresses: getaddrinfo for http failed: Name or service not known in /home/pwgrupo8/public_html/bdd/conexion.php:7
Stack trace:
#0 /home/pwgrupo8/public_html/bdd/conexion.php(7): mysqli->__construct('http://pwgrupo8...', 'pwgrupo8_estudi...', 'Pwgrupo8-8', 'pwgrupo8_plataf...')
#1 /home/pwgrupo8/public_html/loguear.php(3): require('/home/pwgrupo8/...')
#2 /home/pwgrupo8/public_html/index.php(2): require('/home/pwgrupo8/...')
#3 {main}
  thrown in /home/pwgrupo8/public_html/bdd/conexion.php on line 7
[17-Jul-2025 14:26:11 UTC] PHP Warning:  mysqli::__construct(): php_network_getaddresses: getaddrinfo for http failed: Name or service not known in /home/pwgrupo8/public_html/bdd/conexion.php on line 7
[17-Jul-2025 14:26:11 UTC] PHP Fatal error:  Uncaught mysqli_sql_exception: php_network_getaddresses: getaddrinfo for http failed: Name or service not known in /home/pwgrupo8/public_html/bdd/conexion.php:7
Stack trace:
#0 /home/pwgrupo8/public_html/bdd/conexion.php(7): mysqli->__construct('http://pwgrupo8...', 'pwgrupo8_estudi...', 'Pwgrupo8-8', 'pwgrupo8_plataf...')
#1 /home/pwgrupo8/public_html/loguear.php(3): require('/home/pwgrupo8/...')
#2 /home/pwgrupo8/public_html/index.php(2): require('/home/pwgrupo8/...')
#3 {main}
  thrown in /home/pwgrupo8/public_html/bdd/conexion.php on line 7
[17-Jul-2025 14:26:12 UTC] PHP Warning:  mysqli::__construct(): php_network_getaddresses: getaddrinfo for http failed: Name or service not known in /home/pwgrupo8/public_html/bdd/conexion.php on line 7
[17-Jul-2025 14:26:12 UTC] PHP Fatal error:  Uncaught mysqli_sql_exception: php_network_getaddresses: getaddrinfo for http failed: Name or service not known in /home/pwgrupo8/public_html/bdd/conexion.php:7
Stack trace:
#0 /home/pwgrupo8/public_html/bdd/conexion.php(7): mysqli->__construct('http://pwgrupo8...', 'pwgrupo8_estudi...', 'Pwgrupo8-8', 'pwgrupo8_plataf...')
#1 /home/pwgrupo8/public_html/loguear.php(3): require('/home/pwgrupo8/...')
#2 /home/pwgrupo8/public_html/index.php(2): require('/home/pwgrupo8/...')
#3 {main}
  thrown in /home/pwgrupo8/public_html/bdd/conexion.php on line 7
[17-Jul-2025 14:29:06 UTC] PHP Warning:  mysqli::__construct(): php_network_getaddresses: getaddrinfo for http failed: Name or service not known in /home/pwgrupo8/public_html/bdd/conexion.php on line 7
[17-Jul-2025 14:29:06 UTC] PHP Fatal error:  Uncaught mysqli_sql_exception: php_network_getaddresses: getaddrinfo for http failed: Name or service not known in /home/pwgrupo8/public_html/bdd/conexion.php:7
Stack trace:
#0 /home/pwgrupo8/public_html/bdd/conexion.php(7): mysqli->__construct('http://pwgrupo8...', 'pwgrupo8_estudi...', 'Pwgrupo8-8', 'pwgrupo8_plataf...')
#1 /home/pwgrupo8/public_html/loguear.php(3): require('/home/pwgrupo8/...')
#2 /home/pwgrupo8/public_html/index.php(2): require('/home/pwgrupo8/...')
#3 {main}
  thrown in /home/pwgrupo8/public_html/bdd/conexion.php on line 7
[17-Jul-2025 14:29:17 UTC] PHP Warning:  mysqli::__construct(): php_network_getaddresses: getaddrinfo for http failed: Name or service not known in /home/pwgrupo8/public_html/bdd/conexion.php on line 7
[17-Jul-2025 14:29:17 UTC] PHP Fatal error:  Uncaught mysqli_sql_exception: php_network_getaddresses: getaddrinfo for http failed: Name or service not known in /home/pwgrupo8/public_html/bdd/conexion.php:7
Stack trace:
#0 /home/pwgrupo8/public_html/bdd/conexion.php(7): mysqli->__construct('http://pwgrupo8...', 'pwgrupo8_estudi...', 'Pwgrupo8-8', 'pwgrupo8_plataf...')
#1 /home/pwgrupo8/public_html/loguear.php(3): require('/home/pwgrupo8/...')
#2 /home/pwgrupo8/public_html/index.php(2): require('/home/pwgrupo8/...')
#3 {main}
  thrown in /home/pwgrupo8/public_html/bdd/conexion.php on line 7
